<?xml version="1.0" encoding="UTF-8"?>
<testsuite xmlns:xsi="http://www.w3.org/2001/XMLSchema-instance" xsi:noNamespaceSchemaLocation="https://maven.apache.org/surefire/maven-surefire-plugin/xsd/surefire-test-report.xsd" name="ClothingInventoryManagement.AppTest" time="0.047" tests="1" errors="0" skipped="0" failures="0">
  <properties>
    <property name="java.specification.version" value="19"/>
    <property name="sun.cpu.isalist" value="amd64"/>
    <property name="sun.jnu.encoding" value="UTF-8"/>
    <property name="java.class.path" value="D:\Project\ClothingInventory\ClothingInventoryManagerment\target\test-classes;D:\Project\ClothingInventory\ClothingInventoryManagerment\target\classes;C:\Users\Vo Tan Kiet\.m2\repository\junit\junit\4.11\junit-4.11.jar;C:\Users\Vo Tan Kiet\.m2\repository\org\hamcrest\hamcrest-core\1.3\hamcrest-core-1.3.jar;C:\Users\Vo Tan Kiet\.m2\repository\com\microsoft\sqlserver\mssql-jdbc\12.2.0.jre11\mssql-jdbc-12.2.0.jre11.jar;C:\Users\Vo Tan Kiet\.m2\repository\de\vandermeer\asciitable\0.3.2\asciitable-0.3.2.jar;C:\Users\Vo Tan Kiet\.m2\repository\de\vandermeer\ascii-utf-themes\0.0.1\ascii-utf-themes-0.0.1.jar;C:\Users\Vo Tan Kiet\.m2\repository\de\vandermeer\skb-interfaces\0.0.1\skb-interfaces-0.0.1.jar;C:\Users\Vo Tan Kiet\.m2\repository\org\apache\commons\commons-lang3\3.4\commons-lang3-3.4.jar;C:\Users\Vo Tan Kiet\.m2\repository\org\antlr\ST4\4.0.8\ST4-4.0.8.jar;C:\Users\Vo Tan Kiet\.m2\repository\org\antlr\antlr-runtime\3.5.2\antlr-runtime-3.5.2.jar;C:\Users\Vo Tan Kiet\.m2\repository\org\antlr\antlr4\4.5.1\antlr4-4.5.1.jar;C:\Users\Vo Tan Kiet\.m2\repository\org\slf4j\slf4j-api\1.7.12\slf4j-api-1.7.12.jar;C:\Users\Vo Tan Kiet\.m2\repository\de\vandermeer\char-translation\0.0.2\char-translation-0.0.2.jar;C:\Users\Vo Tan Kiet\.m2\repository\org\jline\jline\3.20.0\jline-3.20.0.jar;"/>
    <property name="java.vm.vendor" value="Oracle Corporation"/>
    <property name="sun.arch.data.model" value="64"/>
    <property name="user.variant" value=""/>
    <property name="java.vendor.url" value="https://java.oracle.com/"/>
    <property name="user.timezone" value="Asia/Saigon"/>
    <property name="os.name" value="Windows 11"/>
    <property name="java.vm.specification.version" value="19"/>
    <property name="sun.java.launcher" value="SUN_STANDARD"/>
    <property name="user.country" value="US"/>
    <property name="sun.boot.library.path" value="C:\Program Files\Java\jdk-19\bin"/>
    <property name="sun.java.command" value="C:\Users\VOTANK~1\AppData\Local\Temp\surefire4200728909171825958\surefirebooter18061221943866243592.jar C:\Users\Vo Tan Kiet\AppData\Local\Temp\surefire4200728909171825958 2023-04-03T11-59-00_499-jvmRun1 surefire3311520847361506945tmp surefire_084915701596102942tmp"/>
    <property name="jdk.debug" value="release"/>
    <property name="surefire.test.class.path" value="D:\Project\ClothingInventory\ClothingInventoryManagerment\target\test-classes;D:\Project\ClothingInventory\ClothingInventoryManagerment\target\classes;C:\Users\Vo Tan Kiet\.m2\repository\junit\junit\4.11\junit-4.11.jar;C:\Users\Vo Tan Kiet\.m2\repository\org\hamcrest\hamcrest-core\1.3\hamcrest-core-1.3.jar;C:\Users\Vo Tan Kiet\.m2\repository\com\microsoft\sqlserver\mssql-jdbc\12.2.0.jre11\mssql-jdbc-12.2.0.jre11.jar;C:\Users\Vo Tan Kiet\.m2\repository\de\vandermeer\asciitable\0.3.2\asciitable-0.3.2.jar;C:\Users\Vo Tan Kiet\.m2\repository\de\vandermeer\ascii-utf-themes\0.0.1\ascii-utf-themes-0.0.1.jar;C:\Users\Vo Tan Kiet\.m2\repository\de\vandermeer\skb-interfaces\0.0.1\skb-interfaces-0.0.1.jar;C:\Users\Vo Tan Kiet\.m2\repository\org\apache\commons\commons-lang3\3.4\commons-lang3-3.4.jar;C:\Users\Vo Tan Kiet\.m2\repository\org\antlr\ST4\4.0.8\ST4-4.0.8.jar;C:\Users\Vo Tan Kiet\.m2\repository\org\antlr\antlr-runtime\3.5.2\antlr-runtime-3.5.2.jar;C:\Users\Vo Tan Kiet\.m2\repository\org\antlr\antlr4\4.5.1\antlr4-4.5.1.jar;C:\Users\Vo Tan Kiet\.m2\repository\org\slf4j\slf4j-api\1.7.12\slf4j-api-1.7.12.jar;C:\Users\Vo Tan Kiet\.m2\repository\de\vandermeer\char-translation\0.0.2\char-translation-0.0.2.jar;C:\Users\Vo Tan Kiet\.m2\repository\org\jline\jline\3.20.0\jline-3.20.0.jar;"/>
    <property name="sun.cpu.endian" value="little"/>
    <property name="user.home" value="C:\Users\Vo Tan Kiet"/>
    <property name="user.language" value="en"/>
    <property name="java.specification.vendor" value="Oracle Corporation"/>
    <property name="java.version.date" value="2023-01-17"/>
    <property name="java.home" value="C:\Program Files\Java\jdk-19"/>
    <property name="file.separator" value="\"/>
    <property name="basedir" value="D:\Project\ClothingInventory\ClothingInventoryManagerment"/>
    <property name="java.vm.compressedOopsMode" value="32-bit"/>
    <property name="line.separator" value="&#10;"/>
    <property name="java.vm.specification.vendor" value="Oracle Corporation"/>
    <property name="java.specification.name" value="Java Platform API Specification"/>
    <property name="surefire.real.class.path" value="C:\Users\VOTANK~1\AppData\Local\Temp\surefire4200728909171825958\surefirebooter18061221943866243592.jar"/>
    <property name="user.script" value=""/>
    <property name="sun.management.compiler" value="HotSpot 64-Bit Tiered Compilers"/>
    <property name="java.runtime.version" value="19.0.2+7-44"/>
    <property name="user.name" value="Vo Tan Kiet"/>
    <property name="stdout.encoding" value="UTF-8"/>
    <property name="path.separator" value=";"/>
    <property name="os.version" value="10.0"/>
    <property name="java.runtime.name" value="Java(TM) SE Runtime Environment"/>
    <property name="file.encoding" value="UTF-8"/>
    <property name="java.vm.name" value="Java HotSpot(TM) 64-Bit Server VM"/>
    <property name="localRepository" value="C:\Users\Vo Tan Kiet\.m2\repository"/>
    <property name="java.vendor.url.bug" value="https://bugreport.java.com/bugreport/"/>
    <property name="java.io.tmpdir" value="C:\Users\VOTANK~1\AppData\Local\Temp\"/>
    <property name="java.version" value="19.0.2"/>
    <property name="user.dir" value="D:\Project\ClothingInventory\ClothingInventoryManagerment"/>
    <property name="os.arch" value="amd64"/>
    <property name="java.vm.specification.name" value="Java Virtual Machine Specification"/>
    <property name="sun.os.patch.level" value=""/>
    <property name="native.encoding" value="UTF-8"/>
    <property name="java.library.path" value="C:\Program Files\Java\jdk-19\bin;C:\WINDOWS\Sun\Java\bin;C:\WINDOWS\system32;C:\WINDOWS;C:\Program Files\Common Files\Oracle\Java\javapath;C:\Program Files (x86)\Common Files\Oracle\Java\javapath;C:\WINDOWS\system32;C:\WINDOWS;C:\WINDOWS\System32\Wbem;C:\WINDOWS\System32\WindowsPowerShell\v1.0\;C:\WINDOWS\System32\OpenSSH\;C:\Program Files\Java\jdk-19\bin;C:\Program Files\Git\cmd;C:\msys64\mingw64\bin;C:\Program Files (x86)\Microsoft SQL Server\160\Tools\Binn\;C:\Program Files\Microsoft SQL Server\160\Tools\Binn\;C:\Program Files\Microsoft SQL Server\Client SDK\ODBC\170\Tools\Binn\;C:\Program Files\Microsoft SQL Server\160\DTS\Binn\;C:\Program Files (x86)\Microsoft SQL Server\160\DTS\Binn\;C:\Program Files\Microsoft SQL Server\150\Tools\Binn\;C:\Program Files\dotnet\;%MAVEN_HOME\bin;C:\Users\Vo Tan Kiet\AppData\Local\Microsoft\WindowsApps;C:\Users\Vo Tan Kiet\AppData\Local\Programs\Microsoft VS Code\bin;D:\Program\Dev-Cpp\MinGW64\bin;C:\Program Files\Azure Data Studio\bin;C:\Users\Vo Tan Kiet\.dotnet\tools;D:\Program\maven\apache-maven-3.9.1\bin;."/>
    <property name="java.vm.info" value="mixed mode, sharing"/>
    <property name="stderr.encoding" value="UTF-8"/>
    <property name="java.vendor" value="Oracle Corporation"/>
    <property name="java.vm.version" value="19.0.2+7-44"/>
    <property name="sun.io.unicode.encoding" value="UnicodeLittle"/>
    <property name="java.class.version" value="63.0"/>
  </properties>
  <testcase name="shouldAnswerWithTrue" classname="ClothingInventoryManagement.AppTest" time="0.003"/>
</testsuite>